
1、问题详情
* Where:
Build file 'C:\ProgramData\Jenkins\.jenkins\workspace\Java\build.gradle' line: 3

* What went wrong:
Plugin [id: 'com.android.application', version: '7.2.1', apply: false] was not found in any of the following sources:

- Gradle Core Plugins (plugin is not in 'org.gradle' namespace)
- Plugin Repositories (could not resolve plugin artifact 'com.android.application:com.android.application.gradle.plugin:7.2.1')
  Searched in the following repositories:
    Gradle Central Plugin Repository

* Try:
> Run with --stacktrace option to get the stack trace.
> Run with --info or --debug option to get more log output.
> Run with --scan to get full insights.

* Get more help at https://help.gradle.org

BUILD FAILED in 4s
Build step 'Invoke Gradle script' changed build result to FAILURE
Build step 'Invoke Gradle script' marked build as failure
Finished: FAILURE

2、导致原因
没有上传settings.properties

3、解决方案
上传settings.properties